# JRE version: Java(TM) SE Runtime Environment (21.0.11+9) (build 21.0.11+9-LTS-211)
# Java VM: Java HotSpot(TM) 64-Bit Server VM (21.0.11+9-LTS-211, mixed mode, sharing, tiered, compressed oops, compressed class ptrs, g1 gc, windows-amd64)
GC Precious Log:
 CardTable entry size: 512
 Card Set container configuration: InlinePtr #cards 5 size 8 Array Of Cards #cards 12 size 40 Howl #buckets 4 coarsen threshold 1843 Howl Bitmap #cards 512 size 80 coarsen threshold 460 Card regions per heap region 1 cards per card region 2048
 CPUs: 12 total, 12 available
 Memory: 5989M
 Large Page Support: Disabled
 NUMA Support: Disabled
 Compressed Oops: Enabled (32-bit)
 Heap Region Size: 1M
 Heap Min Capacity: 8M
 Heap Initial Capacity: 94M
 Heap Max Capacity: 1498M
 Pre-touch: Disabled
 Parallel Workers: 10
 Concurrent Workers: 3
 Concurrent Refinement Workers: 10
 Periodic GC: Disabled
Heap:
 garbage-first heap   total 107520K, used 66904K [0x00000000a2600000, 0x0000000100000000)
  region size 1024K, 33 young (33792K), 5 survivors (5120K)
 Metaspace       used 104387K, committed 105408K, reserved 1179648K
  class space    used 13469K, committed 13952K, reserved 1048576K
GC Heap History (20 events):
Event: 788.506 GC heap before
{Heap before GC invocations=38 (full 3):
 garbage-first heap   total 88064K, used 75485K [0x00000000a2600000, 0x0000000100000000)
  region size 1024K, 35 young (35840K), 5 survivors (5120K)
 Metaspace       used 101414K, committed 102464K, reserved 1179648K
  class space    used 13282K, committed 13760K, reserved 1048576K
}
Event: 788.536 GC heap after
{Heap after GC invocations=39 (full 3):
 garbage-first heap   total 88064K, used 47021K [0x00000000a2600000, 0x0000000100000000)
  region size 1024K, 3 young (3072K), 3 survivors (3072K)
 Metaspace       used 101414K, committed 102464K, reserved 1179648K
  class space    used 13282K, committed 13760K, reserved 1048576K
}
Event: 790.217 GC heap before
{Heap before GC invocations=39 (full 3):
 garbage-first heap   total 88064K, used 77741K [0x00000000a2600000, 0x0000000100000000)
  region size 1024K, 34 young (34816K), 3 survivors (3072K)
 Metaspace       used 101622K, committed 102656K, reserved 1179648K
  class space    used 13299K, committed 13760K, reserved 1048576K
}
Event: 790.227 GC heap after
{Heap after GC invocations=40 (full 3):
 garbage-first heap   total 88064K, used 49498K [0x00000000a2600000, 0x0000000100000000)
  region size 1024K, 5 young (5120K), 5 survivors (5120K)
 Metaspace       used 101622K, committed 102656K, reserved 1179648K
  class space    used 13299K, committed 13760K, reserved 1048576K
}
Event: 793.804 GC heap before
{Heap before GC invocations=41 (full 3):
 garbage-first heap   total 89088K, used 76122K [0x00000000a2600000, 0x0000000100000000)
  region size 1024K, 32 young (32768K), 5 survivors (5120K)
 Metaspace       used 101969K, committed 102912K, reserved 1179648K
  class space    used 13320K, committed 13760K, reserved 1048576K
}
Event: 793.813 GC heap after
{Heap after GC invocations=42 (full 3):
 garbage-first heap   total 89088K, used 51710K [0x00000000a2600000, 0x0000000100000000)
  region size 1024K, 3 young (3072K), 3 survivors (3072K)
 Metaspace       used 101969K, committed 102912K, reserved 1179648K
  class space    used 13320K, committed 13760K, reserved 1048576K
}
Event: 801.041 GC heap before
{Heap before GC invocations=42 (full 3):
 garbage-first heap   total 89088K, used 74238K [0x00000000a2600000, 0x0000000100000000)
  region size 1024K, 26 young (26624K), 3 survivors (3072K)
 Metaspace       used 102123K, committed 103040K, reserved 1179648K
  class space    used 13329K, committed 13760K, reserved 1048576K
}
Event: 801.170 GC heap after
{Heap after GC invocations=43 (full 4):
 garbage-first heap   total 89088K, used 33672K [0x00000000a2600000, 0x0000000100000000)
  region size 1024K, 0 young (0K), 0 survivors (0K)
 Metaspace       used 102112K, committed 103040K, reserved 1179648K
  class space    used 13327K, committed 13760K, reserved 1048576K
}
Event: 803.060 GC heap before
{Heap before GC invocations=43 (full 4):
 garbage-first heap   total 89088K, used 75656K [0x00000000a2600000, 0x0000000100000000)
  region size 1024K, 42 young (43008K), 0 survivors (0K)
 Metaspace       used 102354K, committed 103360K, reserved 1179648K
  class space    used 13346K, committed 13824K, reserved 1048576K
}
Event: 803.067 GC heap after
{Heap after GC invocations=44 (full 4):
 garbage-first heap   total 89088K, used 37853K [0x00000000a2600000, 0x0000000100000000)
  region size 1024K, 5 young (5120K), 5 survivors (5120K)
 Metaspace       used 102354K, committed 103360K, reserved 1179648K
  class space    used 13346K, committed 13824K, reserved 1048576K
}
Event: 805.282 GC heap before
{Heap before GC invocations=45 (full 4):
 garbage-first heap   total 89088K, used 74717K [0x00000000a2600000, 0x0000000100000000)
  region size 1024K, 41 young (41984K), 5 survivors (5120K)
 Metaspace       used 102846K, committed 103808K, reserved 1179648K
  class space    used 13373K, committed 13824K, reserved 1048576K
}
Event: 805.291 GC heap after
{Heap after GC invocations=46 (full 4):
 garbage-first heap   total 107520K, used 40634K [0x00000000a2600000, 0x0000000100000000)
  region size 1024K, 4 young (4096K), 4 survivors (4096K)
 Metaspace       used 102846K, committed 103808K, reserved 1179648K
  class space    used 13373K, committed 13824K, reserved 1048576K
}
Event: 900.101 GC heap before
{Heap before GC invocations=46 (full 4):
 garbage-first heap   total 107520K, used 64186K [0x00000000a2600000, 0x0000000100000000)
  region size 1024K, 28 young (28672K), 4 survivors (4096K)
 Metaspace       used 102897K, committed 103872K, reserved 1179648K
  class space    used 13375K, committed 13824K, reserved 1048576K
}
Event: 902.641 GC heap after
{Heap after GC invocations=47 (full 5):
 garbage-first heap   total 107520K, used 34056K [0x00000000a2600000, 0x0000000100000000)
  region size 1024K, 0 young (0K), 0 survivors (0K)
 Metaspace       used 102895K, committed 103872K, reserved 1179648K
  class space    used 13374K, committed 13824K, reserved 1048576K
}
Event: 916.322 GC heap before
{Heap before GC invocations=47 (full 5):
 garbage-first heap   total 107520K, used 88328K [0x00000000a2600000, 0x0000000100000000)
  region size 1024K, 54 young (55296K), 0 survivors (0K)
 Metaspace       used 103216K, committed 104256K, reserved 1179648K
  class space    used 13396K, committed 13888K, reserved 1048576K
}
Event: 916.371 GC heap after
{Heap after GC invocations=48 (full 5):
 garbage-first heap   total 107520K, used 38948K [0x00000000a2600000, 0x0000000100000000)
  region size 1024K, 5 young (5120K), 5 survivors (5120K)
 Metaspace       used 103216K, committed 104256K, reserved 1179648K
  class space    used 13396K, committed 13888K, reserved 1048576K
}
Event: 927.811 GC heap before
{Heap before GC invocations=49 (full 5):
 garbage-first heap   total 107520K, used 75812K [0x00000000a2600000, 0x0000000100000000)
  region size 1024K, 42 young (43008K), 5 survivors (5120K)
 Metaspace       used 103620K, committed 104576K, reserved 1179648K
  class space    used 13418K, committed 13888K, reserved 1048576K
}
Event: 928.480 GC heap after
{Heap after GC invocations=50 (full 6):
 garbage-first heap   total 107520K, used 34467K [0x00000000a2600000, 0x0000000100000000)
  region size 1024K, 0 young (0K), 0 survivors (0K)
 Metaspace       used 103617K, committed 104576K, reserved 1179648K
  class space    used 13418K, committed 13888K, reserved 1048576K
}
Event: 934.677 GC heap before
{Heap before GC invocations=50 (full 6):
 garbage-first heap   total 107520K, used 87715K [0x00000000a2600000, 0x0000000100000000)
  region size 1024K, 53 young (54272K), 0 survivors (0K)
 Metaspace       used 103985K, committed 105024K, reserved 1179648K
  class space    used 13443K, committed 13888K, reserved 1048576K
}
Event: 934.708 GC heap after
{Heap after GC invocations=51 (full 6):
 garbage-first heap   total 107520K, used 39256K [0x00000000a2600000, 0x0000000100000000)
  region size 1024K, 5 young (5120K), 5 survivors (5120K)
 Metaspace       used 103985K, committed 105024K, reserved 1179648K
  class space    used 13443K, committed 13888K, reserved 1048576K
}

